2020-04-18 11:13:44,092 [INFO] [main] com.framework.AdminApplication [Jdk14Logger.java : 99] Starting AdminApplication on DESKTOP-79UE94M with PID 2892 (started by o in F:\1. MyBatis3.4.6、SpringBoot2.0.2、SpringMVC5.0.6、Shiro1.4、Swagger2.7、Vue2.x、Bootstrap、MySQL\universal-framework)
2020-04-18 11:13:44,099 [INFO] [main] com.framework.AdminApplication [Jdk14Logger.java : 99] The following profiles are active: dev
2020-04-18 11:13:52,079 [WARN] [main] org.springframework.data.convert.CustomConversions [CustomConversions.java : 216] Registering converter from class org.joda.time.LocalDateTime to class java.time.LocalDateTime as reading converter although it doesn't convert from a store-supported type! You might wanna check you annotation setup at the converter implementation.
2020-04-18 11:13:52,106 [WARN] [main] org.springframework.data.convert.CustomConversions [CustomConversions.java : 216] Registering converter from class org.joda.time.LocalDateTime to class java.time.LocalDateTime as reading converter although it doesn't convert from a store-supported type! You might wanna check you annotation setup at the converter implementation.
2020-04-18 11:13:52,123 [WARN] [main] org.springframework.data.convert.CustomConversions [CustomConversions.java : 216] Registering converter from class org.joda.time.LocalDateTime to class java.time.LocalDateTime as reading converter although it doesn't convert from a store-supported type! You might wanna check you annotation setup at the converter implementation.
2020-04-18 11:13:53,084 [INFO] [main] com.framework.AdminApplication [Jdk14Logger.java : 99] Started AdminApplication in 9.801 seconds (JVM running for 11.472)
2020-04-18 11:21:03,760 [INFO] [main] com.framework.AdminApplication [Jdk14Logger.java : 99] Starting AdminApplication on DESKTOP-79UE94M with PID 9032 (started by o in F:\1. MyBatis3.4.6、SpringBoot2.0.2、SpringMVC5.0.6、Shiro1.4、Swagger2.7、Vue2.x、Bootstrap、MySQL\universal-framework)
2020-04-18 11:21:03,765 [INFO] [main] com.framework.AdminApplication [Jdk14Logger.java : 99] The following profiles are active: dev
2020-04-18 11:21:11,003 [WARN] [main] org.springframework.data.convert.CustomConversions [CustomConversions.java : 216] Registering converter from class org.joda.time.LocalDateTime to class java.time.LocalDateTime as reading converter although it doesn't convert from a store-supported type! You might wanna check you annotation setup at the converter implementation.
2020-04-18 11:21:11,029 [WARN] [main] org.springframework.data.convert.CustomConversions [CustomConversions.java : 216] Registering converter from class org.joda.time.LocalDateTime to class java.time.LocalDateTime as reading converter although it doesn't convert from a store-supported type! You might wanna check you annotation setup at the converter implementation.
2020-04-18 11:21:11,047 [WARN] [main] org.springframework.data.convert.CustomConversions [CustomConversions.java : 216] Registering converter from class org.joda.time.LocalDateTime to class java.time.LocalDateTime as reading converter although it doesn't convert from a store-supported type! You might wanna check you annotation setup at the converter implementation.
2020-04-18 11:21:11,976 [INFO] [main] com.framework.AdminApplication [Jdk14Logger.java : 99] Started AdminApplication in 9.004 seconds (JVM running for 9.761)
2020-04-18 11:24:57,467 [INFO] [main] com.framework.AdminApplication [Jdk14Logger.java : 99] Starting AdminApplication on DESKTOP-79UE94M with PID 8948 (started by o in F:\1. MyBatis3.4.6、SpringBoot2.0.2、SpringMVC5.0.6、Shiro1.4、Swagger2.7、Vue2.x、Bootstrap、MySQL\universal-framework)
2020-04-18 11:24:57,471 [INFO] [main] com.framework.AdminApplication [Jdk14Logger.java : 99] The following profiles are active: dev
2020-04-18 11:25:04,609 [WARN] [main] org.springframework.data.convert.CustomConversions [CustomConversions.java : 216] Registering converter from class org.joda.time.LocalDateTime to class java.time.LocalDateTime as reading converter although it doesn't convert from a store-supported type! You might wanna check you annotation setup at the converter implementation.
2020-04-18 11:25:04,634 [WARN] [main] org.springframework.data.convert.CustomConversions [CustomConversions.java : 216] Registering converter from class org.joda.time.LocalDateTime to class java.time.LocalDateTime as reading converter although it doesn't convert from a store-supported type! You might wanna check you annotation setup at the converter implementation.
2020-04-18 11:25:04,650 [WARN] [main] org.springframework.data.convert.CustomConversions [CustomConversions.java : 216] Registering converter from class org.joda.time.LocalDateTime to class java.time.LocalDateTime as reading converter although it doesn't convert from a store-supported type! You might wanna check you annotation setup at the converter implementation.
2020-04-18 11:25:05,526 [INFO] [main] com.framework.AdminApplication [Jdk14Logger.java : 99] Started AdminApplication in 8.828 seconds (JVM running for 9.559)
2020-04-18 11:30:00,016 [INFO] [FrameworkScheduler_Worker-1] com.framework.modules.job.utils.ScheduleJob [ScheduleJob.java : 47] 任务准备执行，任务ID：1
2020-04-18 11:30:00,021 [INFO] [pool-1-thread-1] com.framework.modules.job.task.TestTask [TestTask.java : 23] 我是带参数的test方法，正在被执行，参数为：framework
2020-04-18 11:30:01,044 [INFO] [FrameworkScheduler_Worker-1] com.framework.modules.job.utils.ScheduleJob [ScheduleJob.java : 59] 任务执行完毕，任务ID：1  总共耗时：1028毫秒
2020-04-18 12:00:00,007 [INFO] [FrameworkScheduler_Worker-2] com.framework.modules.job.utils.ScheduleJob [ScheduleJob.java : 47] 任务准备执行，任务ID：1
2020-04-18 12:00:00,008 [INFO] [pool-2-thread-1] com.framework.modules.job.task.TestTask [TestTask.java : 23] 我是带参数的test方法，正在被执行，参数为：framework
2020-04-18 12:00:01,009 [INFO] [FrameworkScheduler_Worker-2] com.framework.modules.job.utils.ScheduleJob [ScheduleJob.java : 59] 任务执行完毕，任务ID：1  总共耗时：1002毫秒
2020-04-18 12:05:14,564 [INFO] [main] com.framework.AdminApplication [Jdk14Logger.java : 99] Starting AdminApplication on DESKTOP-79UE94M with PID 348 (started by o in F:\1. MyBatis3.4.6、SpringBoot2.0.2、SpringMVC5.0.6、Shiro1.4、Swagger2.7、Vue2.x、Bootstrap、MySQL\universal-framework)
2020-04-18 12:05:14,569 [INFO] [main] com.framework.AdminApplication [Jdk14Logger.java : 99] The following profiles are active: dev
2020-04-18 12:05:24,343 [WARN] [main] org.springframework.data.convert.CustomConversions [CustomConversions.java : 216] Registering converter from class org.joda.time.LocalDateTime to class java.time.LocalDateTime as reading converter although it doesn't convert from a store-supported type! You might wanna check you annotation setup at the converter implementation.
2020-04-18 12:05:24,372 [WARN] [main] org.springframework.data.convert.CustomConversions [CustomConversions.java : 216] Registering converter from class org.joda.time.LocalDateTime to class java.time.LocalDateTime as reading converter although it doesn't convert from a store-supported type! You might wanna check you annotation setup at the converter implementation.
2020-04-18 12:05:24,394 [WARN] [main] org.springframework.data.convert.CustomConversions [CustomConversions.java : 216] Registering converter from class org.joda.time.LocalDateTime to class java.time.LocalDateTime as reading converter although it doesn't convert from a store-supported type! You might wanna check you annotation setup at the converter implementation.
2020-04-18 12:05:25,462 [INFO] [main] com.framework.AdminApplication [Jdk14Logger.java : 99] Started AdminApplication in 11.767 seconds (JVM running for 12.701)
